<?xml version="1.0" encoding="UTF-8"?>
<!-- Generated by org.testng.reporters.JUnitReportReporter -->
<testsuite skipped="0" hostname="SAJIDs-MBP.fios-router.home" name="groupingTests.ParameterTest" tests="5" failures="0" timestamp="2021-05-26T06:37:53 EDT" time="0.011" errors="0">
  <testcase name="loginTest" time="0.009" classname="groupingTests.ParameterTest"/>
  <testcase name="productTest" time="0.000" classname="groupingTests.ParameterTest"/>
  <testcase name="featuresTest" time="0.000" classname="groupingTests.ParameterTest"/>
  <testcase name="checkoutTest" time="0.001" classname="groupingTests.ParameterTest"/>
  <testcase name="trackingTest" time="0.001" classname="groupingTests.ParameterTest"/>
</testsuite> <!-- groupingTests.ParameterTest -->
